socket.io connected
reached here
flag is 0
row count 53706
sector_row
1000
doneplottingsector
10000
socket.io connected
reached here
flag is 1
row count 53706
sector_row
1000
doneplottingsector
53706
socket.io connected
reached here
flag is 1
row count 53706
sector_row
1000
doneplottingsector
53706
socket.io connected
reached here
flag is 0
row count 53706
sector_row
1000
doneplottingsector
10000
socket.io connected
reached here
flag is 0
row count 53706
sector_row
1000
doneplottingsector
10000
socket.io connected
reached here
flag is 1
row count 53706
sector_row
1000
doneplottingsector
53706
socket.io connected
reached here
flag is 1
row count 53706
sector_row
1000
doneplottingsector
53706
socket.io connected
reached here
flag is 0
row count 53706
sector_row
1000
doneplottingsector
10000
socket.io connected
reached here
flag is 1
row count 53706
sector_row
1000
doneplottingsector
53706
socket.io connected
reached here
flag is 0
row count 53706
sector_row
1000
doneplottingsector
10000
socket.io connected
reached here
flag is 1
row count 53706
sector_row
1000
doneplottingsector
53706
socket.io connected
reached here
flag is 1
row count 53706
sector_row
1000
doneplottingsector
53706
